<?xml version="1.0" encoding="UTF-8"?>
<!-- Generated by org.testng.reporters.JUnitReportReporter -->
<testsuite hostname="DESKTOP-V0V2N1B" failures="0" tests="1" name="test.LoginPageTest" time="0.522" errors="0" timestamp="2024-11-21T12:58:47 EST" skipped="0">
  <testcase classname="test.LoginPageTest" name="f" time="0.522"/>
</testsuite> <!-- test.LoginPageTest -->
